[2024-05-19 17:53:14] [INFO] Server starting...
[2024-05-19 17:53:14] [INFO] Initialising Winsock...
[2024-05-19 17:53:14] [INFO] Winsock initialized.
[2024-05-19 17:53:14] [INFO] Socket created.
[2024-05-19 17:53:14] [INFO] Bind done.
[2024-05-19 17:53:14] [INFO] Waiting for incoming connections...
[2024-05-19 17:53:47] [INFO] Incoming connection from: 127.0.0.1 (62387)
[2024-05-19 17:53:47] [INFO] Waiting for incoming commands from client...
[2024-05-19 17:53:47] [INFO] Command received: CREARTABLAS
[2024-05-19 17:53:47] [INFO] Tabla creada.
[2024-05-19 17:54:15] [INFO] Command received: INICIARSESION
[2024-05-19 17:54:15] [INFO] Response sent: 1
[2024-05-19 17:54:26] [INFO] Command received: VISUALIZARDATOS
[2024-05-19 17:54:33] [INFO] Command received: EXIT
[2024-05-19 17:54:33] [INFO] Server shutting down...
[2024-05-19 18:12:14] [INFO] Server starting...
[2024-05-19 18:12:14] [INFO] Initialising Winsock...
[2024-05-19 18:12:14] [INFO] Winsock initialized.
[2024-05-19 18:12:14] [INFO] Socket created.
[2024-05-19 18:12:14] [INFO] Bind done.
[2024-05-19 18:12:14] [INFO] Waiting for incoming connections...
